
> frontend@0.1.0 start /home/joaopat98/ES/Sprint_1/project/frontend
> node scripts/start.js

Something is already running on port 3000.

> frontend@0.1.0 start /home/joaopat98/ES/Sprint_1/project/frontend
> node scripts/start.js

Starting the development server...

Compiled successfully!

You can now view frontend in the browser.

  Local:            http://localhost:3000/
  On Your Network:  http://192.168.0.106:3000/

Note that the development build is not optimized.
To create a production build, use npm run build.


> frontend@0.1.0 start /home/joaopat98/ES/Sprint_1/project/frontend
> node scripts/start.js

Starting the development server...

Compiled successfully!

You can now view frontend in the browser.

  Local:            http://localhost:3000/
  On Your Network:  http://192.168.0.106:3000/

Note that the development build is not optimized.
To create a production build, use npm run build.

Hangup
